<?xml version="1.0" encoding="UTF-8"?>
<coverage generated="1775193505712" clover="3.2.0">
  <project timestamp="1775193505712" name="All files">
    <metrics statements="80" coveredstatements="54" conditionals="29" coveredconditionals="23" methods="16" coveredmethods="7" elements="125" coveredelements="84" complexity="0" loc="80" ncloc="80" packages="4" files="4" classes="4"/>
    <package name="src">
      <metrics statements="18" coveredstatements="15" conditionals="2" coveredconditionals="0" methods="4" coveredmethods="2"/>
      <file name="app.js" path="/Users/new_user/Desktop/test-xyp/src/app.js">
        <metrics statements="18" coveredstatements="15" conditionals="2" coveredconditionals="0" methods="4" coveredmethods="2"/>
        <line num="1" count="2" type="stmt"/>
        <line num="2" count="2" type="stmt"/>
        <line num="3" count="2" type="stmt"/>
        <line num="4" count="2" type="stmt"/>
        <line num="6" count="2" type="stmt"/>
        <line num="8" count="2" type="stmt"/>
        <line num="9" count="2" type="stmt"/>
        <line num="11" count="2" type="stmt"/>
        <line num="12" count="1" type="stmt"/>
        <line num="14" count="2" type="stmt"/>
        <line num="16" count="2" type="stmt"/>
        <line num="18" count="2" type="stmt"/>
        <line num="19" count="1" type="stmt"/>
        <line num="22" count="2" type="stmt"/>
        <line num="23" count="0" type="stmt"/>
        <line num="24" count="0" type="stmt"/>
        <line num="27" count="2" type="stmt"/>
        <line num="34" count="0" type="cond" truecount="0" falsecount="2"/>
      </file>
    </package>
    <package name="src.config">
      <metrics statements="4" coveredstatements="4" conditionals="0" coveredconditionals="0" methods="0" coveredmethods="0"/>
      <file name="swagger.js" path="/Users/new_user/Desktop/test-xyp/src/config/swagger.js">
        <metrics statements="4" coveredstatements="4" conditionals="0" coveredconditionals="0" methods="0" coveredmethods="0"/>
        <line num="1" count="2" type="stmt"/>
        <line num="3" count="2" type="stmt"/>
        <line num="97" count="2" type="stmt"/>
        <line num="99" count="2" type="stmt"/>
      </file>
    </package>
    <package name="src.routes">
      <metrics statements="30" coveredstatements="30" conditionals="14" coveredconditionals="14" methods="4" coveredmethods="4"/>
      <file name="xypRoutes.js" path="/Users/new_user/Desktop/test-xyp/src/routes/xypRoutes.js">
        <metrics statements="30" coveredstatements="30" conditionals="14" coveredconditionals="14" methods="4" coveredmethods="4"/>
        <line num="1" count="3" type="stmt"/>
        <line num="2" count="3" type="stmt"/>
        <line num="5" count="11" type="stmt"/>
        <line num="39" count="11" type="stmt"/>
        <line num="40" count="3" type="stmt"/>
        <line num="41" count="3" type="stmt"/>
        <line num="43" count="3" type="cond" truecount="2" falsecount="0"/>
        <line num="44" count="1" type="stmt"/>
        <line num="47" count="2" type="stmt"/>
        <line num="48" count="1" type="stmt"/>
        <line num="50" count="1" type="stmt"/>
        <line num="82" count="11" type="stmt"/>
        <line num="83" count="3" type="stmt"/>
        <line num="84" count="3" type="stmt"/>
        <line num="86" count="3" type="cond" truecount="5" falsecount="0"/>
        <line num="87" count="1" type="stmt"/>
        <line num="92" count="2" type="stmt"/>
        <line num="93" count="1" type="stmt"/>
        <line num="95" count="1" type="stmt"/>
        <line num="127" count="11" type="stmt"/>
        <line num="128" count="3" type="stmt"/>
        <line num="129" count="3" type="stmt"/>
        <line num="131" count="3" type="cond" truecount="6" falsecount="0"/>
        <line num="132" count="1" type="stmt"/>
        <line num="137" count="2" type="stmt"/>
        <line num="138" count="2" type="stmt"/>
        <line num="139" count="1" type="stmt"/>
        <line num="141" count="1" type="stmt"/>
        <line num="145" count="11" type="stmt"/>
        <line num="148" count="3" type="stmt"/>
      </file>
    </package>
    <package name="src.services">
      <metrics statements="28" coveredstatements="5" conditionals="13" coveredconditionals="9" methods="8" coveredmethods="1"/>
      <file name="xypService.js" path="/Users/new_user/Desktop/test-xyp/src/services/xypService.js">
        <metrics statements="28" coveredstatements="5" conditionals="13" coveredconditionals="9" methods="8" coveredmethods="1"/>
        <line num="1" count="3" type="stmt"/>
        <line num="2" count="3" type="stmt"/>
        <line num="3" count="3" type="stmt"/>
        <line num="7" count="2" type="stmt"/>
        <line num="17" count="0" type="stmt"/>
        <line num="18" count="0" type="stmt"/>
        <line num="19" count="0" type="stmt"/>
        <line num="20" count="0" type="stmt"/>
        <line num="22" count="0" type="stmt"/>
        <line num="23" count="0" type="stmt"/>
        <line num="25" count="0" type="stmt"/>
        <line num="33" count="0" type="stmt"/>
        <line num="35" count="0" type="stmt"/>
        <line num="55" count="0" type="stmt"/>
        <line num="59" count="0" type="stmt"/>
        <line num="78" count="0" type="stmt"/>
        <line num="82" count="0" type="stmt"/>
        <line num="83" count="0" type="stmt"/>
        <line num="84" count="0" type="cond" truecount="0" falsecount="2"/>
        <line num="85" count="0" type="stmt"/>
        <line num="88" count="0" type="stmt"/>
        <line num="89" count="0" type="stmt"/>
        <line num="90" count="0" type="stmt"/>
        <line num="92" count="0" type="stmt"/>
        <line num="93" count="0" type="cond" truecount="0" falsecount="2"/>
        <line num="94" count="0" type="stmt"/>
        <line num="96" count="0" type="stmt"/>
        <line num="103" count="3" type="stmt"/>
      </file>
    </package>
  </project>
</coverage>
