{"/Users/new_user/Desktop/test-xyp/src/app.js": {"path":"/Users/new_user/Desktop/test-xyp/src/app.js","statementMap":{"0":{"start":{"line":1,"column":16},"end":{"line":1,"column":34}},"1":{"start":{"line":2,"column":18},"end":{"line":2,"column":47}},"2":{"start":{"line":3,"column":20},"end":{"line":3,"column":47}},"3":{"start":{"line":4,"column":24},"end":{"line":4,"column":53}},"4":{"start":{"line":6,"column":12},"end":{"line":6,"column":21}},"5":{"start":{"line":8,"column":0},"end":{"line":8,"column":24}},"6":{"start":{"line":9,"column":0},"end":{"line":9,"column":48}},"7":{"start":{"line":11,"column":0},"end":{"line":13,"column":3}},"8":{"start":{"line":12,"column":2},"end":{"line":12,"column":24}},"9":{"start":{"line":14,"column":0},"end":{"line":14,"column":68}},"10":{"start":{"line":16,"column":0},"end":{"line":16,"column":39}},"11":{"start":{"line":18,"column":0},"end":{"line":20,"column":3}},"12":{"start":{"line":19,"column":2},"end":{"line":19,"column":66}},"13":{"start":{"line":22,"column":0},"end":{"line":25,"column":3}},"14":{"start":{"line":23,"column":22},"end":{"line":23,"column":84}},"15":{"start":{"line":24,"column":2},"end":{"line":24,"column":59}},"16":{"start":{"line":27,"column":0},"end":{"line":27,"column":21}},"17":{"start":{"line":34,"column":85},"end":{"line":34,"column":46529}},"18":{"start":{"line":34,"column":89},"end":{"line":34,"column":46501}},"19":{"start":{"line":34,"column":46511},"end":{"line":34,"column":46528}}},"fnMap":{"0":{"name":"(anonymous_0)","decl":{"start":{"line":11,"column":34},"end":{"line":11,"column":35}},"loc":{"start":{"line":11,"column":48},"end":{"line":13,"column":1}},"line":11},"1":{"name":"(anonymous_1)","decl":{"start":{"line":18,"column":19},"end":{"line":18,"column":20}},"loc":{"start":{"line":18,"column":33},"end":{"line":20,"column":1}},"line":18},"2":{"name":"(anonymous_2)","decl":{"start":{"line":22,"column":8},"end":{"line":22,"column":9}},"loc":{"start":{"line":22,"column":33},"end":{"line":25,"column":1}},"line":22},"3":{"name":"oo_cm","decl":{"start":{"line":34,"column":77},"end":{"line":34,"column":82}},"loc":{"start":{"line":34,"column":84},"end":{"line":34,"column":46530}},"line":34}},"branchMap":{"0":{"loc":{"start":{"line":34,"column":96},"end":{"line":34,"column":46500}},"type":"binary-expr","locations":[{"start":{"line":34,"column":96},"end":{"line":34,"column":133}},{"start":{"line":34,"column":137},"end":{"line":34,"column":46500}}],"line":34}},"s":{"0":2,"1":2,"2":2,"3":2,"4":2,"5":2,"6":2,"7":2,"8":1,"9":2,"10":2,"11":2,"12":1,"13":2,"14":0,"15":0,"16":2,"17":0,"18":0,"19":0},"f":{"0":1,"1":1,"2":0,"3":0},"b":{"0":[0,0]},"_coverageSchema":"1a1c01bbd47fc00a2c39e90264f33305004495a9","hash":"299ccfc7a150e6fd424342ff24bdbfcf7c0e4391"}
,"/Users/new_user/Desktop/test-xyp/src/config/swagger.js": {"path":"/Users/new_user/Desktop/test-xyp/src/config/swagger.js","statementMap":{"0":{"start":{"line":1,"column":21},"end":{"line":1,"column":45}},"1":{"start":{"line":3,"column":16},"end":{"line":95,"column":1}},"2":{"start":{"line":97,"column":20},"end":{"line":97,"column":41}},"3":{"start":{"line":99,"column":0},"end":{"line":99,"column":29}}},"fnMap":{},"branchMap":{},"s":{"0":2,"1":2,"2":2,"3":2},"f":{},"b":{},"_coverageSchema":"1a1c01bbd47fc00a2c39e90264f33305004495a9","hash":"0a60e2d5d89c67d401a3ff85b4e96f153214cb33"}
,"/Users/new_user/Desktop/test-xyp/src/routes/xypRoutes.js": {"path":"/Users/new_user/Desktop/test-xyp/src/routes/xypRoutes.js","statementMap":{"0":{"start":{"line":1,"column":16},"end":{"line":1,"column":34}},"1":{"start":{"line":2,"column":19},"end":{"line":2,"column":52}},"2":{"start":{"line":5,"column":17},"end":{"line":5,"column":33}},"3":{"start":{"line":39,"column":2},"end":{"line":52,"column":5}},"4":{"start":{"line":40,"column":4},"end":{"line":51,"column":5}},"5":{"start":{"line":41,"column":28},"end":{"line":41,"column":36}},"6":{"start":{"line":43,"column":6},"end":{"line":45,"column":7}},"7":{"start":{"line":44,"column":8},"end":{"line":44,"column":84}},"8":{"start":{"line":47,"column":23},"end":{"line":47,"column":85}},"9":{"start":{"line":48,"column":6},"end":{"line":48,"column":25}},"10":{"start":{"line":50,"column":6},"end":{"line":50,"column":53}},"11":{"start":{"line":82,"column":2},"end":{"line":97,"column":5}},"12":{"start":{"line":83,"column":4},"end":{"line":96,"column":5}},"13":{"start":{"line":84,"column":53},"end":{"line":84,"column":61}},"14":{"start":{"line":86,"column":6},"end":{"line":90,"column":7}},"15":{"start":{"line":87,"column":8},"end":{"line":89,"column":11}},"16":{"start":{"line":92,"column":21},"end":{"line":92,"column":99}},"17":{"start":{"line":93,"column":6},"end":{"line":93,"column":23}},"18":{"start":{"line":95,"column":6},"end":{"line":95,"column":53}},"19":{"start":{"line":127,"column":2},"end":{"line":143,"column":5}},"20":{"start":{"line":128,"column":4},"end":{"line":142,"column":5}},"21":{"start":{"line":129,"column":57},"end":{"line":129,"column":65}},"22":{"start":{"line":131,"column":6},"end":{"line":135,"column":7}},"23":{"start":{"line":132,"column":8},"end":{"line":134,"column":11}},"24":{"start":{"line":137,"column":23},"end":{"line":137,"column":60}},"25":{"start":{"line":138,"column":21},"end":{"line":138,"column":83}},"26":{"start":{"line":139,"column":6},"end":{"line":139,"column":23}},"27":{"start":{"line":141,"column":6},"end":{"line":141,"column":53}},"28":{"start":{"line":145,"column":2},"end":{"line":145,"column":16}},"29":{"start":{"line":148,"column":0},"end":{"line":148,"column":33}}},"fnMap":{"0":{"name":"createXypRouter","decl":{"start":{"line":4,"column":9},"end":{"line":4,"column":24}},"loc":{"start":{"line":4,"column":56},"end":{"line":146,"column":1}},"line":4},"1":{"name":"(anonymous_1)","decl":{"start":{"line":39,"column":23},"end":{"line":39,"column":24}},"loc":{"start":{"line":39,"column":37},"end":{"line":52,"column":3}},"line":39},"2":{"name":"(anonymous_2)","decl":{"start":{"line":82,"column":28},"end":{"line":82,"column":29}},"loc":{"start":{"line":82,"column":48},"end":{"line":97,"column":3}},"line":82},"3":{"name":"(anonymous_3)","decl":{"start":{"line":127,"column":22},"end":{"line":127,"column":23}},"loc":{"start":{"line":127,"column":42},"end":{"line":143,"column":3}},"line":127}},"branchMap":{"0":{"loc":{"start":{"line":4,"column":25},"end":{"line":4,"column":54}},"type":"default-arg","locations":[{"start":{"line":4,"column":38},"end":{"line":4,"column":54}}],"line":4},"1":{"loc":{"start":{"line":43,"column":6},"end":{"line":45,"column":7}},"type":"if","locations":[{"start":{"line":43,"column":6},"end":{"line":45,"column":7}},{"start":{},"end":{}}],"line":43},"2":{"loc":{"start":{"line":86,"column":6},"end":{"line":90,"column":7}},"type":"if","locations":[{"start":{"line":86,"column":6},"end":{"line":90,"column":7}},{"start":{},"end":{}}],"line":86},"3":{"loc":{"start":{"line":86,"column":10},"end":{"line":86,"column":51}},"type":"binary-expr","locations":[{"start":{"line":86,"column":10},"end":{"line":86,"column":20}},{"start":{"line":86,"column":24},"end":{"line":86,"column":37}},{"start":{"line":86,"column":41},"end":{"line":86,"column":51}}],"line":86},"4":{"loc":{"start":{"line":131,"column":6},"end":{"line":135,"column":7}},"type":"if","locations":[{"start":{"line":131,"column":6},"end":{"line":135,"column":7}},{"start":{},"end":{}}],"line":131},"5":{"loc":{"start":{"line":131,"column":10},"end":{"line":131,"column":58}},"type":"binary-expr","locations":[{"start":{"line":131,"column":10},"end":{"line":131,"column":14}},{"start":{"line":131,"column":18},"end":{"line":131,"column":28}},{"start":{"line":131,"column":32},"end":{"line":131,"column":44}},{"start":{"line":131,"column":48},"end":{"line":131,"column":58}}],"line":131}},"s":{"0":3,"1":3,"2":11,"3":11,"4":3,"5":3,"6":3,"7":1,"8":2,"9":1,"10":1,"11":11,"12":3,"13":3,"14":3,"15":1,"16":2,"17":1,"18":1,"19":11,"20":3,"21":3,"22":3,"23":1,"24":2,"25":2,"26":1,"27":1,"28":11,"29":3},"f":{"0":11,"1":3,"2":3,"3":3},"b":{"0":[2],"1":[1,2],"2":[1,2],"3":[3,3,2],"4":[1,2],"5":[3,3,2,2]},"_coverageSchema":"1a1c01bbd47fc00a2c39e90264f33305004495a9","hash":"e76e2b5b5297eba7bc9c4b5a5e0234652578edce"}
,"/Users/new_user/Desktop/test-xyp/src/services/xypService.js": {"path":"/Users/new_user/Desktop/test-xyp/src/services/xypService.js","statementMap":{"0":{"start":{"line":1,"column":15},"end":{"line":1,"column":32}},"1":{"start":{"line":2,"column":11},"end":{"line":2,"column":24}},"2":{"start":{"line":3,"column":13},"end":{"line":3,"column":28}},"3":{"start":{"line":7,"column":4},"end":{"line":13,"column":6}},"4":{"start":{"line":17,"column":17},"end":{"line":17,"column":44}},"5":{"start":{"line":18,"column":21},"end":{"line":18,"column":50}},"6":{"start":{"line":19,"column":4},"end":{"line":19,"column":25}},"7":{"start":{"line":20,"column":4},"end":{"line":20,"column":15}},"8":{"start":{"line":22,"column":16},"end":{"line":22,"column":52}},"9":{"start":{"line":23,"column":22},"end":{"line":23,"column":46}},"10":{"start":{"line":25,"column":4},"end":{"line":29,"column":6}},"11":{"start":{"line":33,"column":21},"end":{"line":33,"column":71}},"12":{"start":{"line":35,"column":17},"end":{"line":53,"column":5}},"13":{"start":{"line":55,"column":4},"end":{"line":55,"column":49}},"14":{"start":{"line":59,"column":17},"end":{"line":76,"column":5}},"15":{"start":{"line":78,"column":4},"end":{"line":78,"column":49}},"16":{"start":{"line":82,"column":4},"end":{"line":99,"column":7}},"17":{"start":{"line":83,"column":6},"end":{"line":98,"column":9}},"18":{"start":{"line":84,"column":8},"end":{"line":86,"column":9}},"19":{"start":{"line":85,"column":10},"end":{"line":85,"column":29}},"20":{"start":{"line":88,"column":8},"end":{"line":88,"column":66}},"21":{"start":{"line":89,"column":8},"end":{"line":89,"column":73}},"22":{"start":{"line":90,"column":8},"end":{"line":90,"column":62}},"23":{"start":{"line":92,"column":8},"end":{"line":97,"column":11}},"24":{"start":{"line":93,"column":10},"end":{"line":95,"column":11}},"25":{"start":{"line":94,"column":12},"end":{"line":94,"column":31}},"26":{"start":{"line":96,"column":10},"end":{"line":96,"column":26}},"27":{"start":{"line":103,"column":0},"end":{"line":103,"column":28}}},"fnMap":{"0":{"name":"(anonymous_0)","decl":{"start":{"line":6,"column":2},"end":{"line":6,"column":3}},"loc":{"start":{"line":6,"column":27},"end":{"line":14,"column":3}},"line":6},"1":{"name":"(anonymous_1)","decl":{"start":{"line":16,"column":2},"end":{"line":16,"column":3}},"loc":{"start":{"line":16,"column":42},"end":{"line":30,"column":3}},"line":16},"2":{"name":"(anonymous_2)","decl":{"start":{"line":32,"column":2},"end":{"line":32,"column":3}},"loc":{"start":{"line":32,"column":70},"end":{"line":56,"column":3}},"line":32},"3":{"name":"(anonymous_3)","decl":{"start":{"line":58,"column":2},"end":{"line":58,"column":3}},"loc":{"start":{"line":58,"column":54},"end":{"line":79,"column":3}},"line":58},"4":{"name":"(anonymous_4)","decl":{"start":{"line":81,"column":2},"end":{"line":81,"column":3}},"loc":{"start":{"line":81,"column":41},"end":{"line":100,"column":3}},"line":81},"5":{"name":"(anonymous_5)","decl":{"start":{"line":82,"column":23},"end":{"line":82,"column":24}},"loc":{"start":{"line":82,"column":44},"end":{"line":99,"column":5}},"line":82},"6":{"name":"(anonymous_6)","decl":{"start":{"line":83,"column":72},"end":{"line":83,"column":73}},"loc":{"start":{"line":83,"column":89},"end":{"line":98,"column":7}},"line":83},"7":{"name":"(anonymous_7)","decl":{"start":{"line":92,"column":51},"end":{"line":92,"column":52}},"loc":{"start":{"line":92,"column":68},"end":{"line":97,"column":9}},"line":92}},"branchMap":{"0":{"loc":{"start":{"line":6,"column":14},"end":{"line":6,"column":25}},"type":"default-arg","locations":[{"start":{"line":6,"column":23},"end":{"line":6,"column":25}}],"line":6},"1":{"loc":{"start":{"line":8,"column":13},"end":{"line":8,"column":50}},"type":"binary-expr","locations":[{"start":{"line":8,"column":13},"end":{"line":8,"column":25}},{"start":{"line":8,"column":29},"end":{"line":8,"column":50}}],"line":8},"2":{"loc":{"start":{"line":9,"column":15},"end":{"line":9,"column":52}},"type":"binary-expr","locations":[{"start":{"line":9,"column":15},"end":{"line":9,"column":29}},{"start":{"line":9,"column":33},"end":{"line":9,"column":52}}],"line":9},"3":{"loc":{"start":{"line":10,"column":14},"end":{"line":10,"column":49}},"type":"binary-expr","locations":[{"start":{"line":10,"column":14},"end":{"line":10,"column":27}},{"start":{"line":10,"column":31},"end":{"line":10,"column":49}}],"line":10},"4":{"loc":{"start":{"line":11,"column":11},"end":{"line":11,"column":67}},"type":"binary-expr","locations":[{"start":{"line":11,"column":11},"end":{"line":11,"column":21}},{"start":{"line":11,"column":25},"end":{"line":11,"column":67}}],"line":11},"5":{"loc":{"start":{"line":84,"column":8},"end":{"line":86,"column":9}},"type":"if","locations":[{"start":{"line":84,"column":8},"end":{"line":86,"column":9}},{"start":{},"end":{}}],"line":84},"6":{"loc":{"start":{"line":93,"column":10},"end":{"line":95,"column":11}},"type":"if","locations":[{"start":{"line":93,"column":10},"end":{"line":95,"column":11}},{"start":{},"end":{}}],"line":93}},"s":{"0":3,"1":3,"2":3,"3":2,"4":0,"5":0,"6":0,"7":0,"8":0,"9":0,"10":0,"11":0,"12":0,"13":0,"14":0,"15":0,"16":0,"17":0,"18":0,"19":0,"20":0,"21":0,"22":0,"23":0,"24":0,"25":0,"26":0,"27":3},"f":{"0":2,"1":0,"2":0,"3":0,"4":0,"5":0,"6":0,"7":0},"b":{"0":[2],"1":[2,2],"2":[2,2],"3":[2,2],"4":[2,2],"5":[0,0],"6":[0,0]},"_coverageSchema":"1a1c01bbd47fc00a2c39e90264f33305004495a9","hash":"64e07b9f8d8594053150e700dc4bdaebf19ec3ed"}
}
