TN:
SF:src/app.js
FN:11,(anonymous_0)
FN:18,(anonymous_1)
FN:22,(anonymous_2)
FN:34,oo_cm
FNF:4
FNH:2
FNDA:1,(anonymous_0)
FNDA:1,(anonymous_1)
FNDA:0,(anonymous_2)
FNDA:0,oo_cm
DA:1,2
DA:2,2
DA:3,2
DA:4,2
DA:6,2
DA:8,2
DA:9,2
DA:11,2
DA:12,1
DA:14,2
DA:16,2
DA:18,2
DA:19,1
DA:22,2
DA:23,0
DA:24,0
DA:27,2
DA:34,0
LF:18
LH:15
BRDA:34,0,0,0
BRDA:34,0,1,0
BRF:2
BRH:0
end_of_record
TN:
SF:src/config/swagger.js
FNF:0
FNH:0
DA:1,2
DA:3,2
DA:97,2
DA:99,2
LF:4
LH:4
BRF:0
BRH:0
end_of_record
TN:
SF:src/routes/xypRoutes.js
FN:4,createXypRouter
FN:39,(anonymous_1)
FN:82,(anonymous_2)
FN:127,(anonymous_3)
FNF:4
FNH:4
FNDA:11,createXypRouter
FNDA:3,(anonymous_1)
FNDA:3,(anonymous_2)
FNDA:3,(anonymous_3)
DA:1,3
DA:2,3
DA:5,11
DA:39,11
DA:40,3
DA:41,3
DA:43,3
DA:44,1
DA:47,2
DA:48,1
DA:50,1
DA:82,11
DA:83,3
DA:84,3
DA:86,3
DA:87,1
DA:92,2
DA:93,1
DA:95,1
DA:127,11
DA:128,3
DA:129,3
DA:131,3
DA:132,1
DA:137,2
DA:138,2
DA:139,1
DA:141,1
DA:145,11
DA:148,3
LF:30
LH:30
BRDA:4,0,0,2
BRDA:43,1,0,1
BRDA:43,1,1,2
BRDA:86,2,0,1
BRDA:86,2,1,2
BRDA:86,3,0,3
BRDA:86,3,1,3
BRDA:86,3,2,2
BRDA:131,4,0,1
BRDA:131,4,1,2
BRDA:131,5,0,3
BRDA:131,5,1,3
BRDA:131,5,2,2
BRDA:131,5,3,2
BRF:14
BRH:14
end_of_record
TN:
SF:src/services/xypService.js
FN:6,(anonymous_0)
FN:16,(anonymous_1)
FN:32,(anonymous_2)
FN:58,(anonymous_3)
FN:81,(anonymous_4)
FN:82,(anonymous_5)
FN:83,(anonymous_6)
FN:92,(anonymous_7)
FNF:8
FNH:1
FNDA:2,(anonymous_0)
FNDA:0,(anonymous_1)
FNDA:0,(anonymous_2)
FNDA:0,(anonymous_3)
FNDA:0,(anonymous_4)
FNDA:0,(anonymous_5)
FNDA:0,(anonymous_6)
FNDA:0,(anonymous_7)
DA:1,3
DA:2,3
DA:3,3
DA:7,2
DA:17,0
DA:18,0
DA:19,0
DA:20,0
DA:22,0
DA:23,0
DA:25,0
DA:33,0
DA:35,0
DA:55,0
DA:59,0
DA:78,0
DA:82,0
DA:83,0
DA:84,0
DA:85,0
DA:88,0
DA:89,0
DA:90,0
DA:92,0
DA:93,0
DA:94,0
DA:96,0
DA:103,3
LF:28
LH:5
BRDA:6,0,0,2
BRDA:8,1,0,2
BRDA:8,1,1,2
BRDA:9,2,0,2
BRDA:9,2,1,2
BRDA:10,3,0,2
BRDA:10,3,1,2
BRDA:11,4,0,2
BRDA:11,4,1,2
BRDA:84,5,0,0
BRDA:84,5,1,0
BRDA:93,6,0,0
BRDA:93,6,1,0
BRF:13
BRH:9
end_of_record
